#
# A fatal error has been detected by the Java Runtime Environment:
#
#  SIGSEGV (0xb) at pc=0x00000001049375a0, pid=4393, tid=18435
#
# JRE version: Java(TM) SE Runtime Environment (7.0_67-b01) (build 1.7.0_67-b01)
# Java VM: Java HotSpot(TM) 64-Bit Server VM (24.65-b04 mixed mode bsd-amd64 compressed oops)
# Problematic frame:
# V  [libjvm.dylib+0x3375a0]
#
# Failed to write core dump. Core dumps have been disabled. To enable core dumping, try "ulimit -c unlimited" before starting Java again
#
# If you would like to submit a bug report, please visit:
#   http://bugreport.sun.com/bugreport/crash.jsp
#

---------------  T H R E A D  ---------------

Current thread (0x00007fa65b009800):  JavaThread "JDWP Transport Listener: dt_socket" daemon [_thread_in_vm, id=18435, stack(0x000000011363b000,0x000000011373b000)]

siginfo:si_signo=SIGSEGV: si_errno=0, si_code=0 (SEGV0), si_addr=0x0000000000000000

Registers:
RAX=0x0000000000000001, RBX=0x000000011373aa8b, RCX=0x00000000000fc080, RDX=0x000000011373aa8b
RSP=0x000000011373a9f0, RBP=0x000000011373aa40, RSI=0x00007fa65b009800, RDI=0x00007fa659c0f920
R8 =0x00007fa659e0a5a0, R9 =0x0000000000000000, R10=0x00000000f19f4dd9, R11=0x00000000d698c532
R12=0x00007fa65b009800, R13=0x636172546b636174, R14=0x636172546b636174, R15=0x00007fa659c0f920
RIP=0x00000001049375a0, EFLAGS=0x0000000000010206, ERR=0x0000000000000000
  TRAPNO=0x000000000000000d

Top of Stack: (sp=0x000000011373a9f0)
0x000000011373a9f0:   00007fa65b009800 0000000000000000
0x000000011373aa00:   0000000000000000 0000000000000000
0x000000011373aa10:   00007fa65b009800 00007fa65b009800
0x000000011373aa20:   000000011373aa8b 000000011373aa90
0x000000011373aa30:   636172546b636174 000000000000000c
0x000000011373aa40:   000000011373aa60 0000000103d8d1a8
0x000000011373aa50:   0000000000000001 000000011373ab08
0x000000011373aa60:   000000011373aad0 0000000103d71fbb
0x000000011373aa70:   000000011373aaa0 00007fa659e0a530
0x000000011373aa80:   0000000d00000032 f00010080173ab08
0x000000011373aa90:   0000000000000000 0000000000000000
0x000000011373aaa0:   0000000000000000 000000011373ac90
0x000000011373aab0:   0000000103d94dc2 00007fa659c31640
0x000000011373aac0:   000000011373ab08 0000000103da0588
0x000000011373aad0:   000000011373aae0 0000000103d720b4
0x000000011373aae0:   000000011373ad00 0000000103d7b642
0x000000011373aaf0:   0000132a00000013 00000000000f0200
0x000000011373ab00:   00007fa659c32420 00007fa659e168e3
0x000000011373ab10:   00007fa600000045 00007fa659e0f3e0
0x000000011373ab20:   00007fa60000012c 000000011373ab58
0x000000011373ab30:   00007fa659e0f3e0 00007f0000000000
0x000000011373ab40:   0000132a00000051 00007fff0000ce80
0x000000011373ab50:   000000011373ab58 a67f00000d000000
0x000000011373ab60:   060000007817c259 00003e74696e693c
0x000000011373ab70:   0000005629280300 7f00000100000000
0x000000011373ab80:   000000e036c359a6 7954657372617017
0x000000011373ab90:   615065646f436570 32726574656d6172
0x000000011373aba0:   616a4c2821000000 2f676e616c2f6176
0x000000011373abb0:   293b676e69727453 65522f6e69616d4c
0x000000011373abc0:   0000003b746c7573 7f00000a00000000
0x000000011373abd0:   0000008817c259a6 0000657372617005
0x000000011373abe0:   6176616a4c282100 74532f676e616c2f 

Instructions: (pc=0x00000001049375a0)
0x0000000104937580:   00 00 00 41 f6 87 68 01 00 00 10 75 07 b8 63 00
0x0000000104937590:   00 00 eb 7a 4d 85 f6 75 07 b8 17 00 00 00 eb 6e
0x00000001049375a0:   4d 8b 36 48 b8 fe fe fe fe fe fe fe fe 49 39 c6
0x00000001049375b0:   74 e7 4d 85 f6 74 e2 48 8d 05 62 4c 4d 00 80 38 

Register to memory mapping:

RAX=0x0000000000000001 is an unknown value
RBX=0x000000011373aa8b is pointing into the stack for thread: 0x00007fa65b009800
RCX=0x00000000000fc080 is an unknown value
RDX=0x000000011373aa8b is pointing into the stack for thread: 0x00007fa65b009800
RSP=0x000000011373a9f0 is pointing into the stack for thread: 0x00007fa65b009800
RBP=0x000000011373aa40 is pointing into the stack for thread: 0x00007fa65b009800
RSI=0x00007fa65b009800 is a thread
RDI=0x00007fa659c0f920 is an unknown value
R8 =0x00007fa659e0a5a0 is an unknown value
R9 =0x0000000000000000 is an unknown value
R10=0x00000000f19f4dd9 is an unknown value
R11=0x00000000d698c532 is an unknown value
R12=0x00007fa65b009800 is a thread
R13=0x636172546b636174 is an unknown value
R14=0x636172546b636174 is an unknown value
R15=0x00007fa659c0f920 is an unknown value


Stack: [0x000000011363b000,0x000000011373b000],  sp=0x000000011373a9f0,  free space=1022k
Native frames: (J=compiled Java code, j=interpreted, Vv=VM code, C=native code)
V  [libjvm.dylib+0x3375a0]
C  [libjdwp.dylib+0x201a8]  isMethodSynthetic+0x63
C  [libjdwp.dylib+0x4fbb]  methods1+0x10b
C  [libjdwp.dylib+0x50b4]  methodsWithGeneric+0xe
C  [libjdwp.dylib+0xe642]  debugLoop_run+0x1ce
C  [libjdwp.dylib+0x1f0e2]  attachThread+0x4d
V  [libjvm.dylib+0x3781c2]
V  [libjvm.dylib+0x4f5855]
V  [libjvm.dylib+0x4f6f5d]
V  [libjvm.dylib+0x420772]
C  [libsystem_pthread.dylib+0x1899]  _pthread_body+0x8a
C  [libsystem_pthread.dylib+0x172a]  _pthread_struct_init+0x0
C  [libsystem_pthread.dylib+0x5fc9]  thread_start+0xd


---------------  P R O C E S S  ---------------

Java Threads: ( => current thread )
  0x00007fa65b00d000 JavaThread "Service Thread" daemon [_thread_blocked, id=20995, stack(0x0000000113b4a000,0x0000000113c4a000)]
  0x00007fa65b00c000 JavaThread "C2 CompilerThread1" daemon [_thread_blocked, id=20483, stack(0x0000000113a47000,0x0000000113b47000)]
  0x00007fa65a81e800 JavaThread "C2 CompilerThread0" daemon [_thread_blocked, id=19971, stack(0x0000000113944000,0x0000000113a44000)]
  0x00007fa65b80c000 JavaThread "JDWP Command Reader" daemon [_thread_in_native, id=19459, stack(0x0000000113841000,0x0000000113941000)]
  0x00007fa65b00a000 JavaThread "JDWP Event Helper Thread" daemon [_thread_blocked, id=18947, stack(0x000000011373e000,0x000000011383e000)]
=>0x00007fa65b009800 JavaThread "JDWP Transport Listener: dt_socket" daemon [_thread_in_vm, id=18435, stack(0x000000011363b000,0x000000011373b000)]
  0x00007fa65a065000 JavaThread "Signal Dispatcher" daemon [_thread_blocked, id=17923, stack(0x0000000113532000,0x0000000113632000)]
  0x00007fa65b801000 JavaThread "Finalizer" daemon [_thread_blocked, id=12547, stack(0x0000000113274000,0x0000000113374000)]
  0x00007fa65b003800 JavaThread "Reference Handler" daemon [_thread_blocked, id=12035, stack(0x0000000113171000,0x0000000113271000)]
  0x00007fa65b800000 JavaThread "main" [_thread_blocked, id=6403, stack(0x0000000103c2d000,0x0000000103d2d000)]

Other Threads:
  0x00007fa65a80b800 VMThread [stack: 0x000000011306e000,0x000000011316e000] [id=11523]
  0x00007fa65b00d800 WatcherThread [stack: 0x0000000113c4d000,0x0000000113d4d000] [id=21507]

VM state:not at safepoint (normal execution)

VM Mutex/Monitor currently owned by a thread: None

Heap
 PSYoungGen      total 76800K, used 3963K [0x00000007aaa80000, 0x00000007b0000000, 0x0000000800000000)
  eden space 66048K, 6% used [0x00000007aaa80000,0x00000007aae5ecb0,0x00000007aeb00000)
  from space 10752K, 0% used [0x00000007af580000,0x00000007af580000,0x00000007b0000000)
  to   space 10752K, 0% used [0x00000007aeb00000,0x00000007aeb00000,0x00000007af580000)
 ParOldGen       total 174592K, used 0K [0x0000000700000000, 0x000000070aa80000, 0x00000007aaa80000)
  object space 174592K, 0% used [0x0000000700000000,0x0000000700000000,0x000000070aa80000)
 PSPermGen       total 21504K, used 3224K [0x00000006fae00000, 0x00000006fc300000, 0x0000000700000000)
  object space 21504K, 14% used [0x00000006fae00000,0x00000006fb1261e0,0x00000006fc300000)

Card table byte_map: [0x000000010811f000,0x0000000108949000] byte_map_base: 0x0000000104948000

Polling page: 0x0000000103d6c000

Code Cache  [0x000000010505f000, 0x00000001052cf000, 0x000000010805f000)
 total_blobs=185 nmethods=3 adapters=145 free_code_cache=48763Kb largest_free_block=49920256

Compilation events (6 events):
Event: 0.131 Thread 0x00007fa65a81e800    1             java.lang.String::hashCode (55 bytes)
Event: 0.136 Thread 0x00007fa65b00c000    2             java.lang.String::indexOf (70 bytes)
Event: 0.140 Thread 0x00007fa65a81e800 nmethod 1 0x00000001050be990 code [0x00000001050beae0, 0x00000001050bec98]
Event: 0.142 Thread 0x00007fa65b00c000 nmethod 2 0x00000001050be550 code [0x00000001050be6a0, 0x00000001050be888]
Event: 3.807 Thread 0x00007fa65a81e800    3             sun.nio.cs.UTF_8$Encoder::encode (361 bytes)
Event: 3.818 Thread 0x00007fa65a81e800 nmethod 3 0x00000001050c0c50 code [0x00000001050c0de0, 0x00000001050c14c8]

GC Heap History (0 events):
No events

Deoptimization events (0 events):
No events

Internal exceptions (10 events):
Event: 0.146 Thread 0x00007fa65b800000 Threw 0x00000007aab280b0 at /HUDSON/workspace/7u-2-build-macosx-x86_64/jdk7u67/1368/hotspot/src/share/vm/prims/jvm.cpp:1244
Event: 0.146 Thread 0x00007fa65b800000 Threw 0x00000007aab281d8 at /HUDSON/workspace/7u-2-build-macosx-x86_64/jdk7u67/1368/hotspot/src/share/vm/prims/jvm.cpp:1244
Event: 0.146 Thread 0x00007fa65b800000 Threw 0x00000007aab28428 at /HUDSON/workspace/7u-2-build-macosx-x86_64/jdk7u67/1368/hotspot/src/share/vm/prims/jvm.cpp:1244
Event: 0.159 Thread 0x00007fa65b800000 Threw 0x00000007aab31fd0 at /HUDSON/workspace/7u-2-build-macosx-x86_64/jdk7u67/1368/hotspot/src/share/vm/prims/jvm.cpp:1244
Event: 3.810 Thread 0x00007fa65b800000 Threw 0x00000007aab52d40 at /HUDSON/workspace/7u-2-build-macosx-x86_64/jdk7u67/1368/hotspot/src/share/vm/prims/jvm.cpp:1244
Event: 3.810 Thread 0x00007fa65b800000 Threw 0x00000007aab52e68 at /HUDSON/workspace/7u-2-build-macosx-x86_64/jdk7u67/1368/hotspot/src/share/vm/prims/jvm.cpp:1244
Event: 3.813 Thread 0x00007fa65b800000 Threw 0x00000007aab55f38 at /HUDSON/workspace/7u-2-build-macosx-x86_64/jdk7u67/1368/hotspot/src/share/vm/prims/jvm.cpp:1244
Event: 3.813 Thread 0x00007fa65b800000 Threw 0x00000007aab56060 at /HUDSON/workspace/7u-2-build-macosx-x86_64/jdk7u67/1368/hotspot/src/share/vm/prims/jvm.cpp:1244
Event: 11.429 Thread 0x00007fa65b800000 Threw 0x00000007aab699a8 at /HUDSON/workspace/7u-2-build-macosx-x86_64/jdk7u67/1368/hotspot/src/share/vm/prims/jvm.cpp:1244
Event: 11.430 Thread 0x00007fa65b800000 Threw 0x00000007aab6cd10 at /HUDSON/workspace/7u-2-build-macosx-x86_64/jdk7u67/1368/hotspot/src/share/vm/prims/jvm.cpp:1244

Events (10 events):
Event: 24.482 Executing VM operation: GetOrSetLocal
Event: 24.482 Executing VM operation: GetOrSetLocal done
Event: 24.482 Executing VM operation: GetOrSetLocal
Event: 24.482 Executing VM operation: GetOrSetLocal done
Event: 24.483 Executing VM operation: GetOrSetLocal
Event: 24.483 Executing VM operation: GetOrSetLocal done
Event: 24.483 Executing VM operation: GetOrSetLocal
Event: 24.483 Executing VM operation: GetOrSetLocal done
Event: 64.990 Executing VM operation: RedefineClasses
Event: 64.990 Executing VM operation: RedefineClasses done


Dynamic libraries:
0x000000000a862000 	/System/Library/Frameworks/Cocoa.framework/Versions/A/Cocoa
0x000000000a862000 	/System/Library/Frameworks/Security.framework/Versions/A/Security
0x000000000a862000 	/System/Library/Frameworks/ApplicationServices.framework/Versions/A/ApplicationServices
0x000000000a862000 	/usr/lib/libz.1.dylib
0x000000000a862000 	/usr/lib/libSystem.B.dylib
0x000000000a862000 	/usr/lib/libobjc.A.dylib
0x000000000a862000 	/System/Library/Frameworks/CoreFoundation.framework/Versions/A/CoreFoundation
0x000000000a862000 	/System/Library/Frameworks/Foundation.framework/Versions/C/Foundation
0x000000000a862000 	/System/Library/Frameworks/AppKit.framework/Versions/C/AppKit
0x000000000a862000 	/System/Library/Frameworks/CoreData.framework/Versions/A/CoreData
0x000000000a862000 	/System/Library/PrivateFrameworks/RemoteViewServices.framework/Versions/A/RemoteViewServices
0x000000000a862000 	/System/Library/Frameworks/AudioToolbox.framework/Versions/A/AudioToolbox
0x000000000a862000 	/System/Library/Frameworks/AudioUnit.framework/Versions/A/AudioUnit
0x000000000a862000 	/System/Library/PrivateFrameworks/DataDetectorsCore.framework/Versions/A/DataDetectorsCore
0x000000000a862000 	/System/Library/PrivateFrameworks/DesktopServicesPriv.framework/Versions/A/DesktopServicesPriv
0x000000000a862000 	/System/Library/Frameworks/Carbon.framework/Versions/A/Frameworks/HIToolbox.framework/Versions/A/HIToolbox
0x000000000a862000 	/System/Library/Frameworks/QuartzCore.framework/Versions/A/QuartzCore
0x000000000a862000 	/System/Library/Frameworks/Carbon.framework/Versions/A/Frameworks/SpeechRecognition.framework/Versions/A/SpeechRecognition
0x000000000a862000 	/usr/lib/libauto.dylib
0x000000000a862000 	/usr/lib/libicucore.A.dylib
0x000000000a862000 	/usr/lib/libxml2.2.dylib
0x000000000a862000 	/System/Library/PrivateFrameworks/CoreUI.framework/Versions/A/CoreUI
0x000000000a862000 	/System/Library/Frameworks/CoreAudio.framework/Versions/A/CoreAudio
0x000000000a862000 	/System/Library/Frameworks/DiskArbitration.framework/Versions/A/DiskArbitration
0x000000000a862000 	/usr/lib/liblangid.dylib
0x000000000a862000 	/System/Library/PrivateFrameworks/MultitouchSupport.framework/Versions/A/MultitouchSupport
0x000000000a862000 	/System/Library/Frameworks/IOKit.framework/Versions/A/IOKit
0x000000000a862000 	/usr/lib/libDiagnosticMessagesClient.dylib
0x000000000a862000 	/System/Library/Frameworks/CoreServices.framework/Versions/A/CoreServices
0x000000000a862000 	/System/Library/PrivateFrameworks/PerformanceAnalysis.framework/Versions/A/PerformanceAnalysis
0x000000000a862000 	/System/Library/PrivateFrameworks/GenerationalStorage.framework/Versions/A/GenerationalStorage
0x000000000a862000 	/System/Library/Frameworks/OpenGL.framework/Versions/A/OpenGL
0x000000000a862000 	/System/Library/PrivateFrameworks/Sharing.framework/Versions/A/Sharing
0x000000000a862000 	/System/Library/Frameworks/ImageIO.framework/Versions/A/ImageIO
0x000000000a862000 	/System/Library/Frameworks/CoreText.framework/Versions/A/CoreText
0x000000000a862000 	/System/Library/Frameworks/CoreGraphics.framework/Versions/A/CoreGraphics
0x000000000a862000 	/System/Library/PrivateFrameworks/Backup.framework/Versions/A/Backup
0x000000000a862000 	/System/Library/Frameworks/CFNetwork.framework/Versions/A/CFNetwork
0x000000000a862000 	/System/Library/Frameworks/SystemConfiguration.framework/Versions/A/SystemConfiguration
0x000000000a862000 	/usr/lib/libCRFSuite.dylib
0x000000000a862000 	/usr/lib/libc++.1.dylib
0x000000000a862000 	/usr/lib/libc++abi.dylib
0x000000000a862000 	/usr/lib/system/libcache.dylib
0x000000000a862000 	/usr/lib/system/libcommonCrypto.dylib
0x000000000a862000 	/usr/lib/system/libcompiler_rt.dylib
0x000000000a862000 	/usr/lib/system/libcopyfile.dylib
0x000000000a862000 	/usr/lib/system/libcorecrypto.dylib
0x000000000a862000 	/usr/lib/system/libdispatch.dylib
0x000000000a862000 	/usr/lib/system/libdyld.dylib
0x000000000a862000 	/usr/lib/system/libkeymgr.dylib
0x000000000a862000 	/usr/lib/system/liblaunch.dylib
0x000000000a862000 	/usr/lib/system/libmacho.dylib
0x000000000a862000 	/usr/lib/system/libquarantine.dylib
0x000000000a862000 	/usr/lib/system/libremovefile.dylib
0x000000000a862000 	/usr/lib/system/libsystem_asl.dylib
0x000000000a862000 	/usr/lib/system/libsystem_blocks.dylib
0x000000000a862000 	/usr/lib/system/libsystem_c.dylib
0x000000000a862000 	/usr/lib/system/libsystem_configuration.dylib
0x000000000a862000 	/usr/lib/system/libsystem_dnssd.dylib
0x000000000a862000 	/usr/lib/system/libsystem_info.dylib
0x000000000a862000 	/usr/lib/system/libsystem_kernel.dylib
0x000000000a862000 	/usr/lib/system/libsystem_m.dylib
0x000000000a862000 	/usr/lib/system/libsystem_malloc.dylib
0x000000000a862000 	/usr/lib/system/libsystem_network.dylib
0x000000000a862000 	/usr/lib/system/libsystem_notify.dylib
0x000000000a862000 	/usr/lib/system/libsystem_platform.dylib
0x000000000a862000 	/usr/lib/system/libsystem_pthread.dylib
0x000000000a862000 	/usr/lib/system/libsystem_sandbox.dylib
0x000000000a862000 	/usr/lib/system/libsystem_stats.dylib
0x000000000a862000 	/usr/lib/system/libunc.dylib
0x000000000a862000 	/usr/lib/system/libunwind.dylib
0x000000000a862000 	/usr/lib/system/libxpc.dylib
0x000000000a862000 	/usr/lib/libbsm.0.dylib
0x000000000a862000 	/usr/lib/libsqlite3.dylib
0x000000000a862000 	/usr/lib/libxar.1.dylib
0x000000000a862000 	/usr/lib/libpam.2.dylib
0x000000000a862000 	/usr/lib/libOpenScriptingUtil.dylib
0x000000000a862000 	/usr/lib/libbz2.1.0.dylib
0x000000000a862000 	/System/Library/Frameworks/CoreServices.framework/Versions/A/Frameworks/CarbonCore.framework/Versions/A/CarbonCore
0x000000000a862000 	/System/Library/Frameworks/CoreServices.framework/Versions/A/Frameworks/Metadata.framework/Versions/A/Metadata
0x000000000a862000 	/System/Library/Frameworks/CoreServices.framework/Versions/A/Frameworks/OSServices.framework/Versions/A/OSServices
0x000000000a862000 	/System/Library/Frameworks/CoreServices.framework/Versions/A/Frameworks/SearchKit.framework/Versions/A/SearchKit
0x000000000a862000 	/System/Library/Frameworks/CoreServices.framework/Versions/A/Frameworks/AE.framework/Versions/A/AE
0x000000000a862000 	/System/Library/Frameworks/CoreServices.framework/Versions/A/Frameworks/LaunchServices.framework/Versions/A/LaunchServices
0x000000000a862000 	/System/Library/Frameworks/CoreServices.framework/Versions/A/Frameworks/DictionaryServices.framework/Versions/A/DictionaryServices
0x000000000a862000 	/System/Library/Frameworks/NetFS.framework/Versions/A/NetFS
0x000000000a862000 	/usr/lib/system/libkxld.dylib
0x000000000a862000 	/System/Library/PrivateFrameworks/NetAuth.framework/Versions/A/NetAuth
0x000000000a862000 	/System/Library/PrivateFrameworks/TCC.framework/Versions/A/TCC
0x000000000a862000 	/System/Library/Frameworks/OpenDirectory.framework/Versions/A/Frameworks/CFOpenDirectory.framework/Versions/A/CFOpenDirectory
0x000000000a862000 	/System/Library/Frameworks/ServiceManagement.framework/Versions/A/ServiceManagement
0x000000000a862000 	/usr/lib/libxslt.1.dylib
0x000000000a862000 	/System/Library/Frameworks/Carbon.framework/Versions/A/Frameworks/Ink.framework/Versions/A/Ink
0x000000000a862000 	/System/Library/Frameworks/ApplicationServices.framework/Versions/A/Frameworks/ATS.framework/Versions/A/ATS
0x000000000a862000 	/System/Library/Frameworks/ApplicationServices.framework/Versions/A/Frameworks/ColorSync.framework/Versions/A/ColorSync
0x000000000a862000 	/System/Library/Frameworks/ApplicationServices.framework/Versions/A/Frameworks/HIServices.framework/Versions/A/HIServices
0x000000000a862000 	/System/Library/Frameworks/ApplicationServices.framework/Versions/A/Frameworks/LangAnalysis.framework/Versions/A/LangAnalysis
0x000000000a862000 	/System/Library/Frameworks/ApplicationServices.framework/Versions/A/Frameworks/PrintCore.framework/Versions/A/PrintCore
0x000000000a862000 	/System/Library/Frameworks/ApplicationServices.framework/Versions/A/Frameworks/QD.framework/Versions/A/QD
0x000000000a862000 	/System/Library/Frameworks/ApplicationServices.framework/Versions/A/Frameworks/SpeechSynthesis.framework/Versions/A/SpeechSynthesis
0x000000000a862000 	/System/Library/Frameworks/IOSurface.framework/Versions/A/IOSurface
0x000000000a862000 	/System/Library/Frameworks/Accelerate.framework/Versions/A/Accelerate
0x000000000a862000 	/System/Library/Frameworks/Accelerate.framework/Versions/A/Frameworks/vImage.framework/Versions/A/vImage
0x000000000a862000 	/System/Library/Frameworks/Accelerate.framework/Versions/A/Frameworks/vecLib.framework/Versions/A/vecLib
0x000000000a862000 	/System/Library/Frameworks/Accelerate.framework/Versions/A/Frameworks/vecLib.framework/Versions/A/libvDSP.dylib
0x000000000a862000 	/System/Library/Frameworks/Accelerate.framework/Versions/A/Frameworks/vecLib.framework/Versions/A/libvMisc.dylib
0x000000000a862000 	/System/Library/Frameworks/Accelerate.framework/Versions/A/Frameworks/vecLib.framework/Versions/A/libLAPACK.dylib
0x000000000a862000 	/System/Library/Frameworks/Accelerate.framework/Versions/A/Frameworks/vecLib.framework/Versions/A/libBLAS.dylib
0x000000000a862000 	/System/Library/Frameworks/ApplicationServices.framework/Versions/A/Frameworks/ATS.framework/Versions/A/Resources/libFontParser.dylib
0x000000000a862000 	/System/Library/Frameworks/ApplicationServices.framework/Versions/A/Frameworks/ATS.framework/Versions/A/Resources/libFontRegistry.dylib
0x000000000a862000 	/System/Library/Frameworks/ImageIO.framework/Versions/A/Resources/libJPEG.dylib
0x000000000a862000 	/System/Library/Frameworks/ImageIO.framework/Versions/A/Resources/libTIFF.dylib
0x000000000a862000 	/System/Library/Frameworks/ImageIO.framework/Versions/A/Resources/libPng.dylib
0x000000000a862000 	/System/Library/Frameworks/ImageIO.framework/Versions/A/Resources/libGIF.dylib
0x000000000a862000 	/System/Library/Frameworks/ImageIO.framework/Versions/A/Resources/libJP2.dylib
0x000000000a862000 	/System/Library/Frameworks/ImageIO.framework/Versions/A/Resources/libRadiance.dylib
0x000000000a862000 	/usr/lib/libcups.2.dylib
0x000000000a862000 	/System/Library/Frameworks/Kerberos.framework/Versions/A/Kerberos
0x000000000a862000 	/System/Library/Frameworks/GSS.framework/Versions/A/GSS
0x000000000a862000 	/usr/lib/libresolv.9.dylib
0x000000000a862000 	/usr/lib/libiconv.2.dylib
0x000000000a862000 	/System/Library/PrivateFrameworks/Heimdal.framework/Versions/A/Heimdal
0x000000000a862000 	/System/Library/PrivateFrameworks/TrustEvaluationAgent.framework/Versions/A/TrustEvaluationAgent
0x000000000a862000 	/usr/lib/libheimdal-asn1.dylib
0x000000000a862000 	/System/Library/Frameworks/OpenDirectory.framework/Versions/A/OpenDirectory
0x000000000a862000 	/System/Library/PrivateFrameworks/CommonAuth.framework/Versions/A/CommonAuth
0x000000000a862000 	/System/Library/Frameworks/SecurityFoundation.framework/Versions/A/SecurityFoundation
0x000000000a862000 	/System/Library/PrivateFrameworks/Bom.framework/Versions/A/Bom
0x000000000a862000 	/System/Library/Frameworks/CoreVideo.framework/Versions/A/CoreVideo
0x000000000a862000 	/System/Library/Frameworks/QuartzCore.framework/Versions/A/Frameworks/CoreImage.framework/Versions/A/CoreImage
0x000000000a862000 	/System/Library/Frameworks/QuartzCore.framework/Versions/A/Frameworks/ScalableUserInterface.framework/Versions/A/ScalableUserInterface
0x000000000a862000 	/System/Library/Frameworks/OpenGL.framework/Versions/A/Libraries/libGLU.dylib
0x000000000a862000 	/System/Library/Frameworks/OpenGL.framework/Versions/A/Libraries/libGFXShared.dylib
0x000000000a862000 	/System/Library/Frameworks/OpenGL.framework/Versions/A/Libraries/libGL.dylib
0x000000000a862000 	/System/Library/Frameworks/OpenGL.framework/Versions/A/Libraries/libGLImage.dylib
0x000000000a862000 	/System/Library/Frameworks/OpenGL.framework/Versions/A/Libraries/libCVMSPluginSupport.dylib
0x000000000a862000 	/System/Library/Frameworks/OpenGL.framework/Versions/A/Libraries/libCoreVMClient.dylib
0x000000000a862000 	/System/Library/PrivateFrameworks/FaceCore.framework/Versions/A/FaceCore
0x000000000a862000 	/System/Library/PrivateFrameworks/CrashReporterSupport.framework/Versions/A/CrashReporterSupport
0x000000000a862000 	/System/Library/Frameworks/OpenCL.framework/Versions/A/OpenCL
0x000000000a862000 	/System/Library/PrivateFrameworks/AppleFSCompression.framework/Versions/A/AppleFSCompression
0x000000000a862000 	/System/Library/PrivateFrameworks/Ubiquity.framework/Versions/A/Ubiquity
0x000000000a862000 	/System/Library/PrivateFrameworks/IconServices.framework/Versions/A/IconServices
0x000000000a862000 	/System/Library/PrivateFrameworks/ChunkingLibrary.framework/Versions/A/ChunkingLibrary
0x000000000a862000 	/System/Library/PrivateFrameworks/CoreSymbolication.framework/Versions/A/CoreSymbolication
0x000000000a862000 	/System/Library/PrivateFrameworks/Symbolication.framework/Versions/A/Symbolication
0x000000000a862000 	/System/Library/PrivateFrameworks/DebugSymbols.framework/Versions/A/DebugSymbols
0x0000000104600000 	/Library/Java/JavaVirtualMachines/jdk1.7.0_67.jdk/Contents/Home/jre/lib/server/libjvm.dylib
0x000000000a862000 	/usr/lib/libstdc++.6.dylib
0x0000000103d2f000 	/Library/Java/JavaVirtualMachines/jdk1.7.0_67.jdk/Contents/Home/jre/lib/libverify.dylib
0x0000000103d3c000 	/Library/Java/JavaVirtualMachines/jdk1.7.0_67.jdk/Contents/Home/jre/lib/libjava.dylib
0x0000000103d6d000 	/Library/Java/JavaVirtualMachines/jdk1.7.0_67.jdk/Contents/Home/jre/lib/libjdwp.dylib
0x0000000103daa000 	/Library/Java/JavaVirtualMachines/jdk1.7.0_67.jdk/Contents/Home/jre/lib/libnpt.dylib
0x0000000103db7000 	/Library/Java/JavaVirtualMachines/jdk1.7.0_67.jdk/Contents/Home/jre/lib/libzip.dylib
0x0000000113376000 	/System/Library/Frameworks/JavaVM.framework/Frameworks/JavaRuntimeSupport.framework/JavaRuntimeSupport
0x0000000103dea000 	/System/Library/Frameworks/JavaVM.framework/Versions/A/Frameworks/JavaNativeFoundation.framework/Versions/A/JavaNativeFoundation
0x000000011338e000 	/System/Library/Frameworks/JavaVM.framework/Versions/A/JavaVM
0x000000000a862000 	/System/Library/Frameworks/Carbon.framework/Versions/A/Carbon
0x000000011339b000 	/System/Library/PrivateFrameworks/JavaLaunching.framework/Versions/A/JavaLaunching
0x000000000a862000 	/System/Library/Frameworks/Carbon.framework/Versions/A/Frameworks/CommonPanels.framework/Versions/A/CommonPanels
0x000000000a862000 	/System/Library/Frameworks/Carbon.framework/Versions/A/Frameworks/Help.framework/Versions/A/Help
0x000000000a862000 	/System/Library/Frameworks/Carbon.framework/Versions/A/Frameworks/ImageCapture.framework/Versions/A/ImageCapture
0x000000000a862000 	/System/Library/Frameworks/Carbon.framework/Versions/A/Frameworks/OpenScripting.framework/Versions/A/OpenScripting
0x000000000a862000 	/System/Library/Frameworks/Carbon.framework/Versions/A/Frameworks/Print.framework/Versions/A/Print
0x000000000a862000 	/System/Library/Frameworks/Carbon.framework/Versions/A/Frameworks/SecurityHI.framework/Versions/A/SecurityHI
0x0000000113634000 	/Library/Java/JavaVirtualMachines/jdk1.7.0_67.jdk/Contents/Home/jre/lib/libdt_socket.dylib

VM Arguments:
jvm_args: -agentlib:jdwp=transport=dt_socket,suspend=y,address=localhost:59188 -Dfile.encoding=UTF-8 
java_command: main.FTPParser
Launcher Type: SUN_STANDARD

Environment Variables:
PATH=/usr/bin:/bin:/usr/sbin:/sbin
SHELL=/bin/bash

Signal Handlers:
SIGSEGV: [libjvm.dylib+0x52b6c9], sa_mask[0]=0xfffefeff, sa_flags=0x00000043
SIGBUS: [libjvm.dylib+0x52b6c9], sa_mask[0]=0xfffefeff, sa_flags=0x00000042
SIGFPE: [libjvm.dylib+0x41deaa], sa_mask[0]=0xfffefeff, sa_flags=0x00000042
SIGPIPE: [libjvm.dylib+0x41deaa], sa_mask[0]=0xfffefeff, sa_flags=0x00000042
SIGXFSZ: [libjvm.dylib+0x41deaa], sa_mask[0]=0xfffefeff, sa_flags=0x00000042
SIGILL: [libjvm.dylib+0x41deaa], sa_mask[0]=0xfffefeff, sa_flags=0x00000042
SIGUSR1: SIG_DFL, sa_mask[0]=0x00000000, sa_flags=0x00000002
SIGUSR2: [libjvm.dylib+0x41d99c], sa_mask[0]=0x00000004, sa_flags=0x00000042
SIGHUP: [libjvm.dylib+0x41bc2d], sa_mask[0]=0xfffefeff, sa_flags=0x00000042
SIGINT: [libjvm.dylib+0x41bc2d], sa_mask[0]=0xfffefeff, sa_flags=0x00000042
SIGTERM: [libjvm.dylib+0x41bc2d], sa_mask[0]=0xfffefeff, sa_flags=0x00000042
SIGQUIT: [libjvm.dylib+0x41bc2d], sa_mask[0]=0xfffefeff, sa_flags=0x00000042


---------------  S Y S T E M  ---------------

OS:Bsduname:Darwin 13.4.0 Darwin Kernel Version 13.4.0: Wed Mar 18 16:20:14 PDT 2015; root:xnu-2422.115.14~1/RELEASE_X86_64 x86_64
rlimit: STACK 8192k, CORE 0k, NPROC 709, NOFILE 10240, AS infinity
load average:2.27 1.97 1.83

CPU:total 4 (2 cores per cpu, 2 threads per core) family 6 model 58 stepping 9, cmov, cx8, fxsr, mmx, sse, sse2, sse3, ssse3, sse4.1, sse4.2, popcnt, avx, aes, erms, ht, tsc, tscinvbit, tscinv

Memory: 4k page, physical 16777216k(4194304k free)

/proc/meminfo:


vm_info: Java HotSpot(TM) 64-Bit Server VM (24.65-b04) for bsd-amd64 JRE (1.7.0_67-b01), built on Jul 25 2014 08:51:51 by "java_re" with gcc 4.2.1 (Based on Apple Inc. build 5658) (LLVM build 2336.11.00)

time: Thu Jan 21 00:59:18 2016
elapsed time: 65 seconds

